<?xml version='1.0' encoding='utf-8'?>
<testsuites name="cocotb tests"><testsuite name="test_top" errors="0" failures="0" skipped="0" tests="1" time="0.001" timestamp="2026-09-21T11:05:05.978685+00:00" hostname="DESKTOP-084E7VE"><testcase classname="test_top" name="test_addition" time="0.001"><properties><property name="cocotb" value="True" /><property name="random_seed" value="1789988705" /><property name="file" value="/home/oleg/projects/riscv_cpu/tb/test_top.py" /><property name="line" value="13" /><property name="sim_time_unit" value="ns" /><property name="sim_time_start" value="0.0" /><property name="sim_time_stop" value="90.0" /><property name="sim_time_duration" value="90.0" /><property name="sim_time_ratio" value="88834.57914176032" /></properties></testcase></testsuite></testsuites>